<?xml version="1.0" encoding="UTF-8"?>
<!-- Generated by org.testng.reporters.JUnitReportReporter -->
<testsuite skipped="0" hostname="LAPTOP-1FO1BQSA" name="com.mAadhar.testing.RequestServiceTest" tests="6" failures="0" timestamp="2022-10-20T17:32:25 IST" time="1.451" errors="0">
  <testcase name="approveRequestTest" time="0.693" classname="com.mAadhar.testing.RequestServiceTest"/>
  <system-out/>
  <testcase name="updateAdharTest" time="0.126" classname="com.mAadhar.testing.RequestServiceTest"/>
  <system-out/>
  <testcase name="storeRequestTest" time="0.147" classname="com.mAadhar.testing.RequestServiceTest"/>
  <system-out/>
  <testcase name="denyRequestTest" time="0.226" classname="com.mAadhar.testing.RequestServiceTest"/>
  <system-out/>
  <testcase name="getAllRequestsTest" time="0.129" classname="com.mAadhar.testing.RequestServiceTest"/>
  <system-out/>
  <testcase name="viewmyAdharTest" time="0.130" classname="com.mAadhar.testing.RequestServiceTest"/>
  <system-out/>
</testsuite> <!-- com.mAadhar.testing.RequestServiceTest -->
