<?xml version="1.0" encoding="UTF-8"?>
<!-- Generated by org.testng.reporters.JUnitReportReporter -->
<testsuite skipped="0" hostname="LAPTOP-1FO1BQSA" name="com.mAadhar.testing.LoginServiceTest" tests="2" failures="0" timestamp="2022-10-20T17:32:25 IST" time="1.219" errors="0">
  <testcase name="signUpTest" time="0.419" classname="com.mAadhar.testing.LoginServiceTest"/>
  <system-out/>
  <testcase name="signInTest" time="0.800" classname="com.mAadhar.testing.LoginServiceTest"/>
  <system-out/>
</testsuite> <!-- com.mAadhar.testing.LoginServiceTest -->
